<?xml version="1.0" encoding="UTF-8"?>
<testsuite xmlns:xsi="http://www.w3.org/2001/XMLSchema-instance" xsi:noNamespaceSchemaLocation="https://maven.apache.org/surefire/maven-surefire-plugin/xsd/surefire-test-report-3.0.xsd" version="3.0" name="Test_V0" time="0.156" tests="11" errors="0" skipped="0" failures="0">
  <properties>
[...]
</properties>
  <testcase name="pasteClipboard" classname="Test_V0" time="0.083"/>
  <testcase name="getSelection" classname="Test_V0" time="0.001"/>
  <testcase name="cutSelectedText" classname="Test_V0" time="0.001"/>
  <testcase name="testSetEndIndex_LessThanBufferBeginIndex" classname="Test_V0" time="0.004"/>
  <testcase name="testSetBeginIndex_LessThanBufferBeginIndex" classname="Test_V0" time="0.002"/>
  <testcase name="getClipboardContents" classname="Test_V0" time="0.001"/>
  <testcase name="getBufferContents" classname="Test_V0" time="0.001"/>
  <testcase name="testSetEndIndex_LessThanBeginIndex" classname="Test_V0" time="0.002"/>
  <testcase name="testSetBeginIndex_MoreThanEndIndex" classname="Test_V0" time="0.002"/>
  <testcase name="deleteSelectedText" classname="Test_V0" time="0.001"/>
  <testcase name="copySelectedText" classname="Test_V0" time="0.001"/>
</testsuite>